epoch,accuracy,loss,val_accuracy,val_loss
0,0.6603002548217773,0.6461191177368164,0.8563535809516907,0.4634876847267151
1,0.790502667427063,0.5066670775413513,0.8667126893997192,0.3605482280254364
2,0.8141153454780579,0.44786614179611206,0.8881215453147888,0.30833885073661804
3,0.8317179679870605,0.40748634934425354,0.8936464190483093,0.2782772481441498
4,0.8506271243095398,0.37423741817474365,0.8957182168960571,0.2484656125307083
5,0.8666144013404846,0.3450447618961334,0.9129834175109863,0.2325044870376587
6,0.8807487487792969,0.3235683739185333,0.9102209806442261,0.22787241637706757
7,0.8876615166664124,0.3071824312210083,0.9212707281112671,0.21256989240646362
8,0.8928877115249634,0.29794344305992126,0.9254143834114075,0.20927836000919342
9,0.8969260454177856,0.2884027659893036,0.9302486181259155,0.19759756326675415
10,0.901962161064148,0.27654844522476196,0.9316298365592957,0.20201267302036285
11,0.9061193466186523,0.2703385353088379,0.9364640712738037,0.19919155538082123
12,0.906641960144043,0.26536983251571655,0.9295580387115479,0.20042984187602997
13,0.9109416604042053,0.2560901641845703,0.9309391975402832,0.20077550411224365
14,0.9140298366546631,0.25047755241394043,0.9371547102928162,0.19710113108158112
15,0.9148850440979004,0.2476685494184494,0.9412983655929565,0.19045399129390717
16,0.9172843098640442,0.23776310682296753,0.939226508140564,0.1916898488998413
17,0.9194222688674927,0.23179689049720764,0.9288673996925354,0.1908598393201828
18,0.9200398921966553,0.2312794029712677,0.9426795840263367,0.19490668177604675
19,0.9224391579627991,0.22637763619422913,0.9412983655929565,0.19706648588180542
20,0.9250285029411316,0.21949362754821777,0.9440608024597168,0.19038768112659454
21,0.9219641089439392,0.22187821567058563,0.9433701634407043,0.2037450522184372
22,0.9265250563621521,0.21502834558486938,0.9461326003074646,0.19102977216243744
23,0.9267388582229614,0.21376541256904602,0.9419889450073242,0.1904417872428894
24,0.9303496479988098,0.20276986062526703,0.9468231797218323,0.1867227852344513
25,0.9285680055618286,0.20747894048690796,0.9461326003074646,0.20744934678077698
26,0.9312523603439331,0.20177817344665527,0.9488950371742249,0.18778559565544128
27,0.9322025775909424,0.1999765783548355,0.9433701634407043,0.18945099413394928
28,0.9327489733695984,0.19927062094211578,0.950276255607605,0.19152125716209412
29,0.9351007342338562,0.19268953800201416,0.9509668350219727,0.19296500086784363
30,0.9348156452178955,0.19157317280769348,0.9433701634407043,0.2080523669719696
31,0.9350769519805908,0.18945461511611938,0.9461326003074646,0.19179540872573853
32,0.9351482391357422,0.18916702270507812,0.9454419612884521,0.1895383596420288
33,0.9369773864746094,0.18859358131885529,0.9475138187408447,0.1981598436832428
34,0.937452495098114,0.18771624565124512,0.9475138187408447,0.19172926247119904
35,0.9384739398956299,0.18207001686096191,0.9537292718887329,0.21243271231651306
36,0.9413720965385437,0.17592033743858337,0.9516574740409851,0.18875080347061157
37,0.9407544732093811,0.1738242208957672,0.9537292718887329,0.20580998063087463
38,0.9397804737091064,0.17821677029132843,0.9516574740409851,0.18999949097633362
39,0.941039502620697,0.17713119089603424,0.950276255607605,0.19852016866207123
40,0.941823422908783,0.1733638197183609,0.9578729271888733,0.20460569858551025
41,0.9424411058425903,0.16970190405845642,0.9537292718887329,0.19054611027240753
42,0.9439614415168762,0.16734670102596283,0.955110490322113,0.19273890554904938
43,0.9477147459983826,0.15924255549907684,0.9558011293411255,0.21280287206172943
44,0.9452204704284668,0.1666961908340454,0.9592541456222534,0.20162515342235565
45,0.9464794993400574,0.15787151455879211,0.9523480534553528,0.22697433829307556
46,0.947738528251648,0.15730519592761993,0.9599447250366211,0.2099131941795349
47,0.9464319944381714,0.1602158397436142,0.9620165824890137,0.19568365812301636
48,0.9480948448181152,0.15468968451023102,0.9592541456222534,0.22405584156513214
49,0.9497339129447937,0.15115463733673096,0.9633978009223938,0.23806752264499664
50,0.9484511613845825,0.1558542400598526,0.9592541456222534,0.22285014390945435
51,0.9489499926567078,0.15111245214939117,0.9571823477745056,0.20603415369987488
52,0.950541615486145,0.15032163262367249,0.9654695987701416,0.23975414037704468
53,0.9489024877548218,0.1523398607969284,0.9606353640556335,0.22188201546669006
54,0.9531071782112122,0.14204639196395874,0.9640883803367615,0.23900142312049866
55,0.950684130191803,0.14908535778522491,0.9578729271888733,0.20338760316371918
56,0.9525132775306702,0.14289872348308563,0.9682320356369019,0.23800750076770782
57,0.9536297917366028,0.13963647186756134,0.9640883803367615,0.25644177198410034
58,0.9533922672271729,0.14313317835330963,0.9654695987701416,0.24521005153656006
59,0.9523945450782776,0.14324235916137695,0.9564917087554932,0.21277660131454468
60,0.9534159898757935,0.14131487905979156,0.9627071619033813,0.19270552694797516
61,0.9535822868347168,0.13985013961791992,0.9620165824890137,0.22339721024036407
62,0.9569792747497559,0.13451236486434937,0.9633978009223938,0.2394743710756302
63,0.9565041661262512,0.1345169097185135,0.9620165824890137,0.2424459308385849
64,0.9556252360343933,0.1342577487230301,0.9647790193557739,0.24586394429206848
65,0.9560290575027466,0.1317008137702942,0.9620165824890137,0.2345920205116272
66,0.9589747190475464,0.13007719814777374,0.9675414562225342,0.24843983352184296
67,0.9571217894554138,0.13244642317295074,0.966160237789154,0.2541810870170593
68,0.9567179679870605,0.13231366872787476,0.966160237789154,0.24225136637687683
69,0.9579532742500305,0.12734146416187286,0.9620165824890137,0.23628953099250793
70,0.9589985013008118,0.12570077180862427,0.9682320356369019,0.2469073086977005
71,0.9589509963989258,0.1265861541032791,0.9647790193557739,0.25872811675071716
72,0.9594736099243164,0.12636515498161316,0.9640883803367615,0.25399303436279297
73,0.959687352180481,0.12487141042947769,0.9668508172035217,0.24131962656974792
74,0.9600674510002136,0.12467670440673828,0.9689226746559143,0.25798189640045166
75,0.960780143737793,0.12086154520511627,0.969613254070282,0.2831476628780365
76,0.9602575302124023,0.12154970318078995,0.9668508172035217,0.24207988381385803
77,0.9628468155860901,0.11490249633789062,0.9640883803367615,0.24802973866462708
78,0.9618253707885742,0.12112949788570404,0.9703038930892944,0.23500360548496246
79,0.9606850743293762,0.121514230966568,0.9675414562225342,0.26126909255981445
80,0.9626567959785461,0.11779047548770905,0.9668508172035217,0.2831876277923584
81,0.9615165591239929,0.11928154528141022,0.9675414562225342,0.2836431860923767
82,0.963773250579834,0.11564360558986664,0.9703038930892944,0.24950580298900604
