epoch,accuracy,loss,val_accuracy,val_loss
0,0.7033995389938354,0.6143965721130371,0.8591112494468689,0.480804443359375
1,0.8420236706733704,0.4680299460887909,0.881157398223877,0.3506563603878021
2,0.8697025179862976,0.3875466585159302,0.8994144201278687,0.28723835945129395
3,0.8799816370010376,0.3571223020553589,0.911470890045166,0.256795734167099
4,0.8884230852127075,0.341006875038147,0.9087151288986206,0.2501651644706726
5,0.8866429328918457,0.33495521545410156,0.9145711064338684,0.2317342758178711
6,0.8921557664871216,0.3239685297012329,0.9152600765228271,0.23557282984256744
7,0.8939359188079834,0.3153530955314636,0.9159490466117859,0.2179461419582367
8,0.8935913443565369,0.3076750934123993,0.9183602929115295,0.21184319257736206
9,0.8970943093299866,0.3098204731941223,0.920427143573761,0.2110172063112259
10,0.8994486927986145,0.29377442598342896,0.9211161136627197,0.21006286144256592
11,0.9010566473007202,0.29591020941734314,0.9228384494781494,0.2018934041261673
12,0.9024922251701355,0.2892112731933594,0.9266276359558105,0.1966816633939743
13,0.9077179431915283,0.2749694883823395,0.9269720911979675,0.19112056493759155
14,0.9091535806655884,0.27513447403907776,0.9255942106246948,0.19251665472984314
15,0.9101871848106384,0.27140817046165466,0.9249053001403809,0.19146130979061127
16,0.911967396736145,0.26419204473495483,0.9280055165290833,0.1866060197353363
17,0.9106466174125671,0.26961278915405273,0.9314502477645874,0.19042523205280304
18,0.9125990867614746,0.26252609491348267,0.9359283447265625,0.1800762116909027
19,0.9138050079345703,0.2570825219154358,0.9328281283378601,0.18115729093551636
20,0.9158148765563965,0.25145965814590454,0.9345504641532898,0.17387902736663818
21,0.9161593914031982,0.2503485381603241,0.9373062252998352,0.1716136634349823
22,0.9165039658546448,0.2489694356918335,0.9404065012931824,0.1740814447402954
23,0.9154129028320312,0.2561933994293213,0.9435067176818848,0.17619773745536804
24,0.9213851094245911,0.23925422132015228,0.9386841058731079,0.17667819559574127
25,0.9201217293739319,0.2405191957950592,0.9410954117774963,0.16633306443691254
26,0.9232801198959351,0.23603622615337372,0.9455735683441162,0.16575010120868683
27,0.9243711829185486,0.23379158973693848,0.9466069340705872,0.16511210799217224
28,0.9241989254951477,0.23280629515647888,0.9452290534973145,0.16669367253780365
29,0.9252325892448425,0.22779794037342072,0.9445401430130005,0.16408370435237885
30,0.9220167398452759,0.2385033220052719,0.9472959041595459,0.16103221476078033
31,0.9257494211196899,0.2311665415763855,0.942817747592926,0.16711291670799255
32,0.9281038045883179,0.22474871575832367,0.9472959041595459,0.15764953196048737
33,0.9233375191688538,0.2299218326807022,0.9483293294906616,0.1588672697544098
34,0.9316641688346863,0.21903373301029205,0.9528074264526367,0.15446065366268158
35,0.9304008483886719,0.21832342445850372,0.9500516653060913,0.14981968700885773
36,0.9319512844085693,0.21570226550102234,0.9466069340705872,0.1557723581790924
37,0.9326978325843811,0.2166895866394043,0.9524629712104797,0.1469636857509613
38,0.9308028221130371,0.2167452871799469,0.9548742771148682,0.14560049772262573
39,0.9304008483886719,0.2141801118850708,0.9579744935035706,0.14218011498451233
40,0.9347077012062073,0.20848406851291656,0.9576300382614136,0.13993357121944427
41,0.9323532581329346,0.21519970893859863,0.9555631875991821,0.1448654681444168
42,0.9344779849052429,0.20837070047855377,0.9576300382614136,0.14168447256088257
43,0.9352819323539734,0.20920459926128387,0.9562521576881409,0.14595165848731995
44,0.9342483282089233,0.20948663353919983,0.9524629712104797,0.14845722913742065
45,0.933157205581665,0.2121851146221161,0.9528074264526367,0.14778490364551544
46,0.9352819323539734,0.20949232578277588,0.9552187323570251,0.14653193950653076
47,0.936200737953186,0.20317557454109192,0.9555631875991821,0.14211586117744446
48,0.935913622379303,0.20303834974765778,0.9555631875991821,0.14353767037391663
49,0.9171356558799744,0.23807065188884735,0.9552187323570251,0.15683160722255707
50,0.933157205581665,0.20687679946422577,0.9552187323570251,0.15170378983020782
51,0.9349948167800903,0.20186246931552887,0.9531519412994385,0.14827246963977814
52,0.9387848973274231,0.19853949546813965,0.9579744935035706,0.140175461769104
53,0.9380383491516113,0.19487912952899933,0.9559077024459839,0.14832739531993866
54,0.9360284805297852,0.19811904430389404,0.9552187323570251,0.14502060413360596
55,0.9342483282089233,0.20899033546447754,0.9565966129302979,0.14572949707508087
56,0.9372918605804443,0.19526389241218567,0.9579744935035706,0.14508280158042908
57,0.9414264559745789,0.19270102679729462,0.9545298218727112,0.14155355095863342
58,0.9397611021995544,0.1912584751844406,0.960385799407959,0.13909892737865448
59,0.9387848973274231,0.19209584593772888,0.9586634635925293,0.14064396917819977
60,0.9420580863952637,0.18762382864952087,0.9586634635925293,0.14211508631706238
61,0.9366601705551147,0.20003655552864075,0.9555631875991821,0.14345240592956543
62,0.9423452615737915,0.18897534906864166,0.9614192247390747,0.14042727649211884
63,0.9397611021995544,0.1933346539735794,0.959696888923645,0.14448952674865723
64,0.9423452615737915,0.18647721409797668,0.9565966129302979,0.14474359154701233
65,0.9441254138946533,0.18124890327453613,0.960385799407959,0.1372678279876709
66,0.9419432878494263,0.18554247915744781,0.9555631875991821,0.14604058861732483
67,0.9426323771476746,0.18410228192806244,0.959696888923645,0.13424332439899445
68,0.9414838552474976,0.1867574006319046,0.9593523740768433,0.13746607303619385
69,0.9406799077987671,0.19482314586639404,0.9562521576881409,0.14602130651474
70,0.9461352825164795,0.17691056430339813,0.959696888923645,0.1455482691526413
71,0.9414838552474976,0.18337281048297882,0.960041344165802,0.14771388471126556
72,0.9426897764205933,0.18360887467861176,0.9576300382614136,0.14464594423770905
73,0.9436660408973694,0.17767849564552307,0.9590079188346863,0.14133727550506592
74,0.9441254138946533,0.18200482428073883,0.960385799407959,0.14387255907058716
75,0.9434937238693237,0.18422941863536835,0.959696888923645,0.14100439846515656
